<?xml version="1.0" encoding="UTF-8"?>
<testsuite name="ohtu.lyyrakortti.KassapaateTest" tests="4" skipped="0" failures="0" errors="0" timestamp="2017-04-20T09:52:58" hostname="/0:0:0:0:0:0:0:1%lo" time="0.364">
  <properties/>
  <testcase name="kortiltaVelotetaanHintaJosRahaaOn" classname="ohtu.lyyrakortti.KassapaateTest" time="0.361"/>
  <testcase name="korttiLataaJosPositivinenSumma" classname="ohtu.lyyrakortti.KassapaateTest" time="0.001"/>
  <testcase name="korttiEiLataaJosNegatiivinenSumma" classname="ohtu.lyyrakortti.KassapaateTest" time="0.001"/>
  <testcase name="kortiltaEiVelotetaJosRahaEiRiita" classname="ohtu.lyyrakortti.KassapaateTest" time="0.0"/>
  <system-out><![CDATA[]]></system-out>
  <system-err><![CDATA[]]></system-err>
</testsuite>
